# JRE version: Java(TM) SE Runtime Environment (8.0_441) (build 1.8.0_441-b07)
# Java VM: Java HotSpot(TM) 64-Bit Server VM (25.441-b07 mixed mode windows-amd64 compressed oops)
Heap:
 PSYoungGen      total 70656K, used 9979K [0x00000000d6100000, 0x00000000dab00000, 0x0000000100000000)
  eden space 65536K, 8% used [0x00000000d6100000,0x00000000d6698bd0,0x00000000da100000)
  from space 5120K, 82% used [0x00000000da600000,0x00000000daa26080,0x00000000dab00000)
  to   space 5120K, 0% used [0x00000000da100000,0x00000000da100000,0x00000000da600000)
 ParOldGen       total 86016K, used 40K [0x0000000082200000, 0x0000000087600000, 0x00000000d6100000)
  object space 86016K, 0% used [0x0000000082200000,0x000000008220a000,0x0000000087600000)
 Metaspace       used 13494K, capacity 13728K, committed 13952K, reserved 1062912K
  class space    used 1323K, capacity 1399K, committed 1408K, reserved 1048576K
GC Heap History (8 events):
Event: 248.651 GC heap before
{Heap before GC invocations=1 (full 0):
 PSYoungGen      total 37888K, used 32768K [0x00000000d6100000, 0x00000000d8b00000, 0x0000000100000000)
  eden space 32768K, 100% used [0x00000000d6100000,0x00000000d8100000,0x00000000d8100000)
  from space 5120K, 0% used [0x00000000d8600000,0x00000000d8600000,0x00000000d8b00000)
  to   space 5120K, 0% used [0x00000000d8100000,0x00000000d8100000,0x00000000d8600000)
 ParOldGen       total 86016K, used 0K [0x0000000082200000, 0x0000000087600000, 0x00000000d6100000)
  object space 86016K, 0% used [0x0000000082200000,0x0000000082200000,0x0000000087600000)
 Metaspace       used 12576K, capacity 12744K, committed 12928K, reserved 1060864K
  class space    used 1304K, capacity 1393K, committed 1408K, reserved 1048576K
Event: 248.661 GC heap after
Heap after GC invocations=1 (full 0):
 PSYoungGen      total 37888K, used 4651K [0x00000000d6100000, 0x00000000d8b00000, 0x0000000100000000)
  eden space 32768K, 0% used [0x00000000d6100000,0x00000000d6100000,0x00000000d8100000)
  from space 5120K, 90% used [0x00000000d8100000,0x00000000d858aee8,0x00000000d8600000)
  to   space 5120K, 0% used [0x00000000d8600000,0x00000000d8600000,0x00000000d8b00000)
 ParOldGen       total 86016K, used 16K [0x0000000082200000, 0x0000000087600000, 0x00000000d6100000)
  object space 86016K, 0% used [0x0000000082200000,0x0000000082204000,0x0000000087600000)
 Metaspace       used 12576K, capacity 12744K, committed 12928K, reserved 1060864K
  class space    used 1304K, capacity 1393K, committed 1408K, reserved 1048576K
}
Event: 248.684 GC heap before
{Heap before GC invocations=2 (full 0):
 PSYoungGen      total 37888K, used 37419K [0x00000000d6100000, 0x00000000d8b00000, 0x0000000100000000)
  eden space 32768K, 100% used [0x00000000d6100000,0x00000000d8100000,0x00000000d8100000)
  from space 5120K, 90% used [0x00000000d8100000,0x00000000d858aee8,0x00000000d8600000)
  to   space 5120K, 0% used [0x00000000d8600000,0x00000000d8600000,0x00000000d8b00000)
 ParOldGen       total 86016K, used 16K [0x0000000082200000, 0x0000000087600000, 0x00000000d6100000)
  object space 86016K, 0% used [0x0000000082200000,0x0000000082204000,0x0000000087600000)
 Metaspace       used 12590K, capacity 12808K, committed 12928K, reserved 1060864K
  class space    used 1305K, capacity 1393K, committed 1408K, reserved 1048576K
Event: 248.691 GC heap after
Heap after GC invocations=2 (full 0):
 PSYoungGen      total 37888K, used 3315K [0x00000000d6100000, 0x00000000dab00000, 0x0000000100000000)
  eden space 32768K, 0% used [0x00000000d6100000,0x00000000d6100000,0x00000000d8100000)
  from space 5120K, 64% used [0x00000000d8600000,0x00000000d893cc58,0x00000000d8b00000)
  to   space 5120K, 0% used [0x00000000d8100000,0x00000000d8100000,0x00000000d8600000)
 ParOldGen       total 86016K, used 24K [0x0000000082200000, 0x0000000087600000, 0x00000000d6100000)
  object space 86016K, 0% used [0x0000000082200000,0x0000000082206000,0x0000000087600000)
 Metaspace       used 12590K, capacity 12808K, committed 12928K, reserved 1060864K
  class space    used 1305K, capacity 1393K, committed 1408K, reserved 1048576K
}
Event: 248.699 GC heap before
{Heap before GC invocations=3 (full 0):
 PSYoungGen      total 37888K, used 36083K [0x00000000d6100000, 0x00000000dab00000, 0x0000000100000000)
  eden space 32768K, 100% used [0x00000000d6100000,0x00000000d8100000,0x00000000d8100000)
  from space 5120K, 64% used [0x00000000d8600000,0x00000000d893cc58,0x00000000d8b00000)
  to   space 5120K, 0% used [0x00000000d8100000,0x00000000d8100000,0x00000000d8600000)
 ParOldGen       total 86016K, used 24K [0x0000000082200000, 0x0000000087600000, 0x00000000d6100000)
  object space 86016K, 0% used [0x0000000082200000,0x0000000082206000,0x0000000087600000)
 Metaspace       used 12590K, capacity 12808K, committed 12928K, reserved 1060864K
  class space    used 1305K, capacity 1393K, committed 1408K, reserved 1048576K
Event: 248.704 GC heap after
Heap after GC invocations=3 (full 0):
 PSYoungGen      total 37888K, used 3282K [0x00000000d6100000, 0x00000000dab00000, 0x0000000100000000)
  eden space 32768K, 0% used [0x00000000d6100000,0x00000000d6100000,0x00000000d8100000)
  from space 5120K, 64% used [0x00000000d8100000,0x00000000d8434800,0x00000000d8600000)
  to   space 5120K, 0% used [0x00000000da600000,0x00000000da600000,0x00000000dab00000)
 ParOldGen       total 86016K, used 24K [0x0000000082200000, 0x0000000087600000, 0x00000000d6100000)
  object space 86016K, 0% used [0x0000000082200000,0x0000000082206000,0x0000000087600000)
 Metaspace       used 12590K, capacity 12808K, committed 12928K, reserved 1060864K
  class space    used 1305K, capacity 1393K, committed 1408K, reserved 1048576K
}
Event: 262.662 GC heap before
{Heap before GC invocations=4 (full 0):
 PSYoungGen      total 37888K, used 36050K [0x00000000d6100000, 0x00000000dab00000, 0x0000000100000000)
  eden space 32768K, 100% used [0x00000000d6100000,0x00000000d8100000,0x00000000d8100000)
  from space 5120K, 64% used [0x00000000d8100000,0x00000000d8434800,0x00000000d8600000)
  to   space 5120K, 0% used [0x00000000da600000,0x00000000da600000,0x00000000dab00000)
 ParOldGen       total 86016K, used 24K [0x0000000082200000, 0x0000000087600000, 0x00000000d6100000)
  object space 86016K, 0% used [0x0000000082200000,0x0000000082206000,0x0000000087600000)
 Metaspace       used 13406K, capacity 13600K, committed 13696K, reserved 1060864K
  class space    used 1321K, capacity 1399K, committed 1408K, reserved 1048576K
Event: 262.669 GC heap after
Heap after GC invocations=4 (full 0):
 PSYoungGen      total 70656K, used 4248K [0x00000000d6100000, 0x00000000dab00000, 0x0000000100000000)
  eden space 65536K, 0% used [0x00000000d6100000,0x00000000d6100000,0x00000000da100000)
  from space 5120K, 82% used [0x00000000da600000,0x00000000daa26080,0x00000000dab00000)
  to   space 5120K, 0% used [0x00000000da100000,0x00000000da100000,0x00000000da600000)
 ParOldGen       total 86016K, used 40K [0x0000000082200000, 0x0000000087600000, 0x00000000d6100000)
  object space 86016K, 0% used [0x0000000082200000,0x000000008220a000,0x0000000087600000)
 Metaspace       used 13406K, capacity 13600K, committed 13696K, reserved 1060864K
  class space    used 1321K, capacity 1399K, committed 1408K, reserved 1048576K
}

