# JRE version: Java(TM) SE Runtime Environment (8.0_351-b10) (build 1.8.0_351-b10)
# Java VM: Java HotSpot(TM) 64-Bit Server VM (25.351-b10 mixed mode windows-amd64 compressed oops)
Heap:
 PSYoungGen      total 70656K, used 23728K [0x00000000d6100000, 0x00000000dab00000, 0x0000000100000000)
  eden space 65536K, 29% used [0x00000000d6100000,0x00000000d73fa568,0x00000000da100000)
  from space 5120K, 83% used [0x00000000da600000,0x00000000daa31c18,0x00000000dab00000)
  to   space 5120K, 0% used [0x00000000da100000,0x00000000da100000,0x00000000da600000)
 ParOldGen       total 86016K, used 48K [0x0000000082200000, 0x0000000087600000, 0x00000000d6100000)
  object space 86016K, 0% used [0x0000000082200000,0x000000008220c000,0x0000000087600000)
 Metaspace       used 13441K, capacity 13656K, committed 13696K, reserved 1060864K
  class space    used 1310K, capacity 1399K, committed 1408K, reserved 1048576K
GC Heap History (8 events):
Event: 248.878 GC heap before
{Heap before GC invocations=1 (full 0):
 PSYoungGen      total 37888K, used 32768K [0x00000000d6100000, 0x00000000d8b00000, 0x0000000100000000)
  eden space 32768K, 100% used [0x00000000d6100000,0x00000000d8100000,0x00000000d8100000)
  from space 5120K, 0% used [0x00000000d8600000,0x00000000d8600000,0x00000000d8b00000)
  to   space 5120K, 0% used [0x00000000d8100000,0x00000000d8100000,0x00000000d8600000)
 ParOldGen       total 86016K, used 0K [0x0000000082200000, 0x0000000087600000, 0x00000000d6100000)
  object space 86016K, 0% used [0x0000000082200000,0x0000000082200000,0x0000000087600000)
 Metaspace       used 12358K, capacity 12512K, committed 12672K, reserved 1060864K
  class space    used 1283K, capacity 1361K, committed 1408K, reserved 1048576K
Event: 248.899 GC heap after
Heap after GC invocations=1 (full 0):
 PSYoungGen      total 37888K, used 4667K [0x00000000d6100000, 0x00000000d8b00000, 0x0000000100000000)
  eden space 32768K, 0% used [0x00000000d6100000,0x00000000d6100000,0x00000000d8100000)
  from space 5120K, 91% used [0x00000000d8100000,0x00000000d858eef8,0x00000000d8600000)
  to   space 5120K, 0% used [0x00000000d8600000,0x00000000d8600000,0x00000000d8b00000)
 ParOldGen       total 86016K, used 16K [0x0000000082200000, 0x0000000087600000, 0x00000000d6100000)
  object space 86016K, 0% used [0x0000000082200000,0x0000000082204000,0x0000000087600000)
 Metaspace       used 12358K, capacity 12512K, committed 12672K, reserved 1060864K
  class space    used 1283K, capacity 1361K, committed 1408K, reserved 1048576K
}
Event: 248.993 GC heap before
{Heap before GC invocations=2 (full 0):
 PSYoungGen      total 37888K, used 37435K [0x00000000d6100000, 0x00000000d8b00000, 0x0000000100000000)
  eden space 32768K, 100% used [0x00000000d6100000,0x00000000d8100000,0x00000000d8100000)
  from space 5120K, 91% used [0x00000000d8100000,0x00000000d858eef8,0x00000000d8600000)
  to   space 5120K, 0% used [0x00000000d8600000,0x00000000d8600000,0x00000000d8b00000)
 ParOldGen       total 86016K, used 16K [0x0000000082200000, 0x0000000087600000, 0x00000000d6100000)
  object space 86016K, 0% used [0x0000000082200000,0x0000000082204000,0x0000000087600000)
 Metaspace       used 12374K, capacity 12576K, committed 12928K, reserved 1060864K
  class space    used 1284K, capacity 1361K, committed 1408K, reserved 1048576K
Event: 249.025 GC heap after
Heap after GC invocations=2 (full 0):
 PSYoungGen      total 37888K, used 3299K [0x00000000d6100000, 0x00000000dab00000, 0x0000000100000000)
  eden space 32768K, 0% used [0x00000000d6100000,0x00000000d6100000,0x00000000d8100000)
  from space 5120K, 64% used [0x00000000d8600000,0x00000000d8938c68,0x00000000d8b00000)
  to   space 5120K, 0% used [0x00000000d8100000,0x00000000d8100000,0x00000000d8600000)
 ParOldGen       total 86016K, used 24K [0x0000000082200000, 0x0000000087600000, 0x00000000d6100000)
  object space 86016K, 0% used [0x0000000082200000,0x0000000082206000,0x0000000087600000)
 Metaspace       used 12374K, capacity 12576K, committed 12928K, reserved 1060864K
  class space    used 1284K, capacity 1361K, committed 1408K, reserved 1048576K
}
Event: 249.078 GC heap before
{Heap before GC invocations=3 (full 0):
 PSYoungGen      total 37888K, used 36067K [0x00000000d6100000, 0x00000000dab00000, 0x0000000100000000)
  eden space 32768K, 100% used [0x00000000d6100000,0x00000000d8100000,0x00000000d8100000)
  from space 5120K, 64% used [0x00000000d8600000,0x00000000d8938c68,0x00000000d8b00000)
  to   space 5120K, 0% used [0x00000000d8100000,0x00000000d8100000,0x00000000d8600000)
 ParOldGen       total 86016K, used 24K [0x0000000082200000, 0x0000000087600000, 0x00000000d6100000)
  object space 86016K, 0% used [0x0000000082200000,0x0000000082206000,0x0000000087600000)
 Metaspace       used 12374K, capacity 12576K, committed 12928K, reserved 1060864K
  class space    used 1284K, capacity 1361K, committed 1408K, reserved 1048576K
Event: 249.088 GC heap after
Heap after GC invocations=3 (full 0):
 PSYoungGen      total 37888K, used 3283K [0x00000000d6100000, 0x00000000dab00000, 0x0000000100000000)
  eden space 32768K, 0% used [0x00000000d6100000,0x00000000d6100000,0x00000000d8100000)
  from space 5120K, 64% used [0x00000000d8100000,0x00000000d8434c58,0x00000000d8600000)
  to   space 5120K, 0% used [0x00000000da600000,0x00000000da600000,0x00000000dab00000)
 ParOldGen       total 86016K, used 32K [0x0000000082200000, 0x0000000087600000, 0x00000000d6100000)
  object space 86016K, 0% used [0x0000000082200000,0x0000000082208000,0x0000000087600000)
 Metaspace       used 12374K, capacity 12576K, committed 12928K, reserved 1060864K
  class space    used 1284K, capacity 1361K, committed 1408K, reserved 1048576K
}
Event: 262.691 GC heap before
{Heap before GC invocations=4 (full 0):
 PSYoungGen      total 37888K, used 36051K [0x00000000d6100000, 0x00000000dab00000, 0x0000000100000000)
  eden space 32768K, 100% used [0x00000000d6100000,0x00000000d8100000,0x00000000d8100000)
  from space 5120K, 64% used [0x00000000d8100000,0x00000000d8434c58,0x00000000d8600000)
  to   space 5120K, 0% used [0x00000000da600000,0x00000000da600000,0x00000000dab00000)
 ParOldGen       total 86016K, used 32K [0x0000000082200000, 0x0000000087600000, 0x00000000d6100000)
  object space 86016K, 0% used [0x0000000082200000,0x0000000082208000,0x0000000087600000)
 Metaspace       used 13155K, capacity 13368K, committed 13440K, reserved 1060864K
  class space    used 1301K, capacity 1367K, committed 1408K, reserved 1048576K
Event: 262.700 GC heap after
Heap after GC invocations=4 (full 0):
 PSYoungGen      total 70656K, used 4295K [0x00000000d6100000, 0x00000000dab00000, 0x0000000100000000)
  eden space 65536K, 0% used [0x00000000d6100000,0x00000000d6100000,0x00000000da100000)
  from space 5120K, 83% used [0x00000000da600000,0x00000000daa31c18,0x00000000dab00000)
  to   space 5120K, 0% used [0x00000000da100000,0x00000000da100000,0x00000000da600000)
 ParOldGen       total 86016K, used 48K [0x0000000082200000, 0x0000000087600000, 0x00000000d6100000)
  object space 86016K, 0% used [0x0000000082200000,0x000000008220c000,0x0000000087600000)
 Metaspace       used 13155K, capacity 13368K, committed 13440K, reserved 1060864K
  class space    used 1301K, capacity 1367K, committed 1408K, reserved 1048576K
}

